-------------------------------------------------------------------------------
Test set: ru.yandex.practicum.filmorate.controller.FilmoRateApplicationTests
-------------------------------------------------------------------------------
Tests run: 1, Failures: 0, Errors: 1, Skipped: 0, Time elapsed: 0.344 s <<< FAILURE! - in ru.yandex.practicum.filmorate.controller.FilmoRateApplicationTests
testFindUserById  Time elapsed: 0 s  <<< ERROR!
org.junit.jupiter.api.extension.ParameterResolutionException: Failed to resolve parameter [final ru.yandex.practicum.filmorate.dao.UserDbStorage userStorage] in constructor [public ru.yandex.practicum.filmorate.controller.FilmoRateApplicationTests(ru.yandex.practicum.filmorate.dao.UserDbStorage)]: Failed to load ApplicationContext
Caused by: java.lang.IllegalStateException: Failed to load ApplicationContext
Caused by: org.springframework.beans.factory.BeanCreationException: 
Error creating bean with name 'dataSourceScriptDatabaseInitializer' defined in class path resource [org/springframework/boot/autoconfigure/sql/init/DataSourceInitializationConfiguration.class]: Invocation of init method failed; nested exception is org.springframework.jdbc.datasource.init.ScriptStatementFailedException: Failed to execute SQL script statement #2 of URL [file:/C:/Users/User/IdeaProjects/java-filmorate/target/classes/schema.sql]: create table if not exists film( film_id integer generated by default as identity primary key, genre_id integer references genre(genre_id), name varchar, description varchar, release_date timestamp, duration int, rating int references MPA(rating_id) ); nested exception is org.h2.jdbc.JdbcSQLSyntaxErrorException: Таблица "GENRE" не найдена
Table "GENRE" not found; SQL statement:
create table if not exists film( film_id integer generated by default as identity primary key, genre_id integer references genre(genre_id), name varchar, description varchar, release_date timestamp, duration int, rating int references MPA(rating_id) ) [42102-214]
Caused by: org.springframework.jdbc.datasource.init.ScriptStatementFailedException: 
Failed to execute SQL script statement #2 of URL [file:/C:/Users/User/IdeaProjects/java-filmorate/target/classes/schema.sql]: create table if not exists film( film_id integer generated by default as identity primary key, genre_id integer references genre(genre_id), name varchar, description varchar, release_date timestamp, duration int, rating int references MPA(rating_id) ); nested exception is org.h2.jdbc.JdbcSQLSyntaxErrorException: Таблица "GENRE" не найдена
Table "GENRE" not found; SQL statement:
create table if not exists film( film_id integer generated by default as identity primary key, genre_id integer references genre(genre_id), name varchar, description varchar, release_date timestamp, duration int, rating int references MPA(rating_id) ) [42102-214]
Caused by: org.h2.jdbc.JdbcSQLSyntaxErrorException: 
Таблица "GENRE" не найдена
Table "GENRE" not found; SQL statement:
create table if not exists film( film_id integer generated by default as identity primary key, genre_id integer references genre(genre_id), name varchar, description varchar, release_date timestamp, duration int, rating int references MPA(rating_id) ) [42102-214]

